<?xml version="1.0" encoding="UTF-8"?>
<!-- Generated by org.testng.reporters.JUnitXMLReporter -->
<testsuite hostname="DESKTOP-E6L931O" ignored="0" name="Default test" tests="8" failures="0" timestamp="30 Apr 2019 22:54:09 GMT" time="93.785" errors="0">
  <testcase name="locationRequired" time="0.909" classname="com.rocketmiles.search.SearchTest"/>
  <testcase name="locationVerification" time="3.349" classname="com.rocketmiles.search.SearchTest"/>
  <testcase name="rewardProgramRequired" time="1.051" classname="com.rocketmiles.search.SearchTest"/>
  <testcase name="RewardProgramVerification" time="3.257" classname="com.rocketmiles.search.SearchTest"/>
  <testcase name="checkinVerification" time="3.205" classname="com.rocketmiles.search.SearchTest"/>
  <testcase name="checkoutVerification" time="3.494" classname="com.rocketmiles.search.SearchTest"/>
  <testcase name="guestsVerification" time="2.378" classname="com.rocketmiles.search.SearchTest"/>
  <testcase name="roomVerification" time="2.182" classname="com.rocketmiles.search.SearchTest"/>
</testsuite> <!-- Default test -->
